<?xml version="1.0" encoding="UTF-8"?>
<!-- Generated by org.testng.reporters.JUnitReportReporter -->
<testsuite skipped="0" hostname="xiaoMdeMacBook-Pro.local" name="com.xiaoM.BeginScript.BeginScript2" tests="1" failures="0" timestamp="21 四月 2017 14:57:09 GMT" time="0.011" errors="0">
  <testcase name="run" time="0.011" classname="com.xiaoM.BeginScript.BeginScript2"/>
</testsuite> <!-- com.xiaoM.BeginScript.BeginScript2 -->
